# JRE version: OpenJDK Runtime Environment (8.0_202-b03) (build 1.8.0_202-release-1483-b03)
# Java VM: OpenJDK 64-Bit Server VM (25.202-b03 mixed mode windows-amd64 compressed oops)
Heap:
 PSYoungGen      total 105984K, used 36866K [0x00000000e0000000, 0x00000000e7700000, 0x0000000100000000)
  eden space 93696K, 26% used [0x00000000e0000000,0x00000000e1805530,0x00000000e5b80000)
  from space 12288K, 99% used [0x00000000e6800000,0x00000000e73fb378,0x00000000e7400000)
  to   space 12800K, 0% used [0x00000000e5b80000,0x00000000e5b80000,0x00000000e6800000)
 ParOldGen       total 114688K, used 21980K [0x00000000a0000000, 0x00000000a7000000, 0x00000000e0000000)
  object space 114688K, 19% used [0x00000000a0000000,0x00000000a1577090,0x00000000a7000000)
 Metaspace       used 53241K, capacity 54822K, committed 54952K, reserved 1097728K
  class space    used 7188K, capacity 7578K, committed 7592K, reserved 1048576K
GC Heap History (10 events):
Event: 2.218 GC heap before
{Heap before GC invocations=6 (full 1):
 PSYoungGen      total 76288K, used 73380K [0x00000000e0000000, 0x00000000e7080000, 0x0000000100000000)
  eden space 65536K, 100% used [0x00000000e0000000,0x00000000e4000000,0x00000000e4000000)
  from space 10752K, 72% used [0x00000000e4a80000,0x00000000e52290f8,0x00000000e5500000)
  to   space 10752K, 0% used [0x00000000e4000000,0x00000000e4000000,0x00000000e4a80000)
 ParOldGen       total 114688K, used 11187K [0x00000000a0000000, 0x00000000a7000000, 0x00000000e0000000)
  object space 114688K, 9% used [0x00000000a0000000,0x00000000a0aecca8,0x00000000a7000000)
 Metaspace       used 31879K, capacity 32506K, committed 32768K, reserved 1077248K
  class space    used 4390K, capacity 4592K, committed 4608K, reserved 1048576K
Event: 2.221 GC heap after
Heap after GC invocations=6 (full 1):
 PSYoungGen      total 76288K, used 8785K [0x00000000e0000000, 0x00000000e7400000, 0x0000000100000000)
  eden space 65536K, 0% used [0x00000000e0000000,0x00000000e0000000,0x00000000e4000000)
  from space 10752K, 81% used [0x00000000e4000000,0x00000000e48946d8,0x00000000e4a80000)
  to   space 12288K, 0% used [0x00000000e6800000,0x00000000e6800000,0x00000000e7400000)
 ParOldGen       total 114688K, used 11195K [0x00000000a0000000, 0x00000000a7000000, 0x00000000e0000000)
  object space 114688K, 9% used [0x00000000a0000000,0x00000000a0aeeca8,0x00000000a7000000)
 Metaspace       used 31879K, capacity 32506K, committed 32768K, reserved 1077248K
  class space    used 4390K, capacity 4592K, committed 4608K, reserved 1048576K
}
Event: 2.568 GC heap before
{Heap before GC invocations=7 (full 1):
 PSYoungGen      total 76288K, used 66458K [0x00000000e0000000, 0x00000000e7400000, 0x0000000100000000)
  eden space 65536K, 88% used [0x00000000e0000000,0x00000000e3852450,0x00000000e4000000)
  from space 10752K, 81% used [0x00000000e4000000,0x00000000e48946d8,0x00000000e4a80000)
  to   space 12288K, 0% used [0x00000000e6800000,0x00000000e6800000,0x00000000e7400000)
 ParOldGen       total 114688K, used 11195K [0x00000000a0000000, 0x00000000a7000000, 0x00000000e0000000)
  object space 114688K, 9% used [0x00000000a0000000,0x00000000a0aeeca8,0x00000000a7000000)
 Metaspace       used 34655K, capacity 35464K, committed 35496K, reserved 1079296K
  class space    used 4777K, capacity 5003K, committed 5032K, reserved 1048576K
Event: 2.574 GC heap after
Heap after GC invocations=7 (full 1):
 PSYoungGen      total 105984K, used 10784K [0x00000000e0000000, 0x00000000e7700000, 0x0000000100000000)
  eden space 93696K, 0% used [0x00000000e0000000,0x00000000e0000000,0x00000000e5b80000)
  from space 12288K, 87% used [0x00000000e6800000,0x00000000e72882c8,0x00000000e7400000)
  to   space 12800K, 0% used [0x00000000e5b80000,0x00000000e5b80000,0x00000000e6800000)
 ParOldGen       total 114688K, used 11203K [0x00000000a0000000, 0x00000000a7000000, 0x00000000e0000000)
  object space 114688K, 9% used [0x00000000a0000000,0x00000000a0af0ca8,0x00000000a7000000)
 Metaspace       used 34655K, capacity 35464K, committed 35496K, reserved 1079296K
  class space    used 4777K, capacity 5003K, committed 5032K, reserved 1048576K
}
Event: 2.574 GC heap before
{Heap before GC invocations=8 (full 2):
 PSYoungGen      total 105984K, used 10784K [0x00000000e0000000, 0x00000000e7700000, 0x0000000100000000)
  eden space 93696K, 0% used [0x00000000e0000000,0x00000000e0000000,0x00000000e5b80000)
  from space 12288K, 87% used [0x00000000e6800000,0x00000000e72882c8,0x00000000e7400000)
  to   space 12800K, 0% used [0x00000000e5b80000,0x00000000e5b80000,0x00000000e6800000)
 ParOldGen       total 114688K, used 11203K [0x00000000a0000000, 0x00000000a7000000, 0x00000000e0000000)
  object space 114688K, 9% used [0x00000000a0000000,0x00000000a0af0ca8,0x00000000a7000000)
 Metaspace       used 34655K, capacity 35464K, committed 35496K, reserved 1079296K
  class space    used 4777K, capacity 5003K, committed 5032K, reserved 1048576K
Event: 2.635 GC heap after
Heap after GC invocations=8 (full 2):
 PSYoungGen      total 105984K, used 0K [0x00000000e0000000, 0x00000000e7700000, 0x0000000100000000)
  eden space 93696K, 0% used [0x00000000e0000000,0x00000000e0000000,0x00000000e5b80000)
  from space 12288K, 0% used [0x00000000e6800000,0x00000000e6800000,0x00000000e7400000)
  to   space 12800K, 0% used [0x00000000e5b80000,0x00000000e5b80000,0x00000000e6800000)
 ParOldGen       total 114688K, used 17552K [0x00000000a0000000, 0x00000000a7000000, 0x00000000e0000000)
  object space 114688K, 15% used [0x00000000a0000000,0x00000000a1124318,0x00000000a7000000)
 Metaspace       used 34639K, capacity 35410K, committed 35496K, reserved 1079296K
  class space    used 4772K, capacity 4994K, committed 5032K, reserved 1048576K
}
Event: 3.224 GC heap before
{Heap before GC invocations=9 (full 2):
 PSYoungGen      total 105984K, used 93696K [0x00000000e0000000, 0x00000000e7700000, 0x0000000100000000)
  eden space 93696K, 100% used [0x00000000e0000000,0x00000000e5b80000,0x00000000e5b80000)
  from space 12288K, 0% used [0x00000000e6800000,0x00000000e6800000,0x00000000e7400000)
  to   space 12800K, 0% used [0x00000000e5b80000,0x00000000e5b80000,0x00000000e6800000)
 ParOldGen       total 114688K, used 17552K [0x00000000a0000000, 0x00000000a7000000, 0x00000000e0000000)
  object space 114688K, 15% used [0x00000000a0000000,0x00000000a1124318,0x00000000a7000000)
 Metaspace       used 44478K, capacity 45460K, committed 45736K, reserved 1089536K
  class space    used 5978K, capacity 6230K, committed 6312K, reserved 1048576K
Event: 3.232 GC heap after
Heap after GC invocations=9 (full 2):
 PSYoungGen      total 106496K, used 12776K [0x00000000e0000000, 0x00000000e7700000, 0x0000000100000000)
  eden space 93696K, 0% used [0x00000000e0000000,0x00000000e0000000,0x00000000e5b80000)
  from space 12800K, 99% used [0x00000000e5b80000,0x00000000e67fa020,0x00000000e6800000)
  to   space 12288K, 0% used [0x00000000e6800000,0x00000000e6800000,0x00000000e7400000)
 ParOldGen       total 114688K, used 18407K [0x00000000a0000000, 0x00000000a7000000, 0x00000000e0000000)
  object space 114688K, 16% used [0x00000000a0000000,0x00000000a11f9f78,0x00000000a7000000)
 Metaspace       used 44478K, capacity 45460K, committed 45736K, reserved 1089536K
  class space    used 5978K, capacity 6230K, committed 6312K, reserved 1048576K
}
Event: 3.723 GC heap before
{Heap before GC invocations=10 (full 2):
 PSYoungGen      total 106496K, used 106472K [0x00000000e0000000, 0x00000000e7700000, 0x0000000100000000)
  eden space 93696K, 100% used [0x00000000e0000000,0x00000000e5b80000,0x00000000e5b80000)
  from space 12800K, 99% used [0x00000000e5b80000,0x00000000e67fa020,0x00000000e6800000)
  to   space 12288K, 0% used [0x00000000e6800000,0x00000000e6800000,0x00000000e7400000)
 ParOldGen       total 114688K, used 18407K [0x00000000a0000000, 0x00000000a7000000, 0x00000000e0000000)
  object space 114688K, 16% used [0x00000000a0000000,0x00000000a11f9f78,0x00000000a7000000)
 Metaspace       used 51173K, capacity 52484K, committed 52648K, reserved 1095680K
  class space    used 6874K, capacity 7209K, committed 7336K, reserved 1048576K
Event: 3.731 GC heap after
Heap after GC invocations=10 (full 2):
 PSYoungGen      total 105984K, used 12268K [0x00000000e0000000, 0x00000000e7700000, 0x0000000100000000)
  eden space 93696K, 0% used [0x00000000e0000000,0x00000000e0000000,0x00000000e5b80000)
  from space 12288K, 99% used [0x00000000e6800000,0x00000000e73fb378,0x00000000e7400000)
  to   space 12800K, 0% used [0x00000000e5b80000,0x00000000e5b80000,0x00000000e6800000)
 ParOldGen       total 114688K, used 21980K [0x00000000a0000000, 0x00000000a7000000, 0x00000000e0000000)
  object space 114688K, 19% used [0x00000000a0000000,0x00000000a1577090,0x00000000a7000000)
 Metaspace       used 51173K, capacity 52484K, committed 52648K, reserved 1095680K
  class space    used 6874K, capacity 7209K, committed 7336K, reserved 1048576K
}

