# JRE version: OpenJDK Runtime Environment (8.0_202-b03) (build 1.8.0_202-release-1483-b03)
# Java VM: OpenJDK 64-Bit Server VM (25.202-b03 mixed mode windows-amd64 compressed oops)
Heap:
 PSYoungGen      total 142848K, used 84898K [0x00000000e0000000, 0x00000000ea680000, 0x0000000100000000)
  eden space 128512K, 66% used [0x00000000e0000000,0x00000000e52e8ba8,0x00000000e7d80000)
  from space 14336K, 0% used [0x00000000e9880000,0x00000000e9880000,0x00000000ea680000)
  to   space 10752K, 0% used [0x00000000e7d80000,0x00000000e7d80000,0x00000000e8800000)
 ParOldGen       total 113664K, used 16711K [0x00000000a0000000, 0x00000000a6f00000, 0x00000000e0000000)
  object space 113664K, 14% used [0x00000000a0000000,0x00000000a1051f18,0x00000000a6f00000)
 Metaspace       used 43647K, capacity 44614K, committed 44928K, reserved 1087488K
  class space    used 5892K, capacity 6163K, committed 6272K, reserved 1048576K
GC Heap History (10 events):
Event: 1.483 GC heap before
{Heap before GC invocations=4 (full 1):
 PSYoungGen      total 76288K, used 10736K [0x00000000e0000000, 0x00000000e9500000, 0x0000000100000000)
  eden space 65536K, 0% used [0x00000000e0000000,0x00000000e0000000,0x00000000e4000000)
  from space 10752K, 99% used [0x00000000e4000000,0x00000000e4a7c148,0x00000000e4a80000)
  to   space 10752K, 0% used [0x00000000e8a80000,0x00000000e8a80000,0x00000000e9500000)
 ParOldGen       total 175104K, used 840K [0x00000000a0000000, 0x00000000aab00000, 0x00000000e0000000)
  object space 175104K, 0% used [0x00000000a0000000,0x00000000a00d2048,0x00000000aab00000)
 Metaspace       used 20724K, capacity 21154K, committed 21296K, reserved 1067008K
  class space    used 2953K, capacity 3123K, committed 3200K, reserved 1048576K
Event: 1.505 GC heap after
Heap after GC invocations=4 (full 1):
 PSYoungGen      total 76288K, used 0K [0x00000000e0000000, 0x00000000e9500000, 0x0000000100000000)
  eden space 65536K, 0% used [0x00000000e0000000,0x00000000e0000000,0x00000000e4000000)
  from space 10752K, 0% used [0x00000000e4000000,0x00000000e4000000,0x00000000e4a80000)
  to   space 10752K, 0% used [0x00000000e8a80000,0x00000000e8a80000,0x00000000e9500000)
 ParOldGen       total 113664K, used 11191K [0x00000000a0000000, 0x00000000a6f00000, 0x00000000e0000000)
  object space 113664K, 9% used [0x00000000a0000000,0x00000000a0aedcf8,0x00000000a6f00000)
 Metaspace       used 20724K, capacity 21154K, committed 21296K, reserved 1067008K
  class space    used 2953K, capacity 3123K, committed 3200K, reserved 1048576K
}
Event: 1.928 GC heap before
{Heap before GC invocations=5 (full 1):
 PSYoungGen      total 76288K, used 65536K [0x00000000e0000000, 0x00000000e9500000, 0x0000000100000000)
  eden space 65536K, 100% used [0x00000000e0000000,0x00000000e4000000,0x00000000e4000000)
  from space 10752K, 0% used [0x00000000e4000000,0x00000000e4000000,0x00000000e4a80000)
  to   space 10752K, 0% used [0x00000000e8a80000,0x00000000e8a80000,0x00000000e9500000)
 ParOldGen       total 113664K, used 11191K [0x00000000a0000000, 0x00000000a6f00000, 0x00000000e0000000)
  object space 113664K, 9% used [0x00000000a0000000,0x00000000a0aedcf8,0x00000000a6f00000)
 Metaspace       used 28824K, capacity 29334K, committed 29696K, reserved 1075200K
  class space    used 3885K, capacity 4068K, committed 4096K, reserved 1048576K
Event: 1.934 GC heap after
Heap after GC invocations=5 (full 1):
 PSYoungGen      total 104448K, used 7903K [0x00000000e0000000, 0x00000000e9280000, 0x0000000100000000)
  eden space 96256K, 0% used [0x00000000e0000000,0x00000000e0000000,0x00000000e5e00000)
  from space 8192K, 96% used [0x00000000e8a80000,0x00000000e9237c98,0x00000000e9280000)
  to   space 10752K, 0% used [0x00000000e7d80000,0x00000000e7d80000,0x00000000e8800000)
 ParOldGen       total 113664K, used 11199K [0x00000000a0000000, 0x00000000a6f00000, 0x00000000e0000000)
  object space 113664K, 9% used [0x00000000a0000000,0x00000000a0aefcf8,0x00000000a6f00000)
 Metaspace       used 28824K, capacity 29334K, committed 29696K, reserved 1075200K
  class space    used 3885K, capacity 4068K, committed 4096K, reserved 1048576K
}
Event: 2.397 GC heap before
{Heap before GC invocations=6 (full 1):
 PSYoungGen      total 104448K, used 104159K [0x00000000e0000000, 0x00000000e9280000, 0x0000000100000000)
  eden space 96256K, 100% used [0x00000000e0000000,0x00000000e5e00000,0x00000000e5e00000)
  from space 8192K, 96% used [0x00000000e8a80000,0x00000000e9237c98,0x00000000e9280000)
  to   space 10752K, 0% used [0x00000000e7d80000,0x00000000e7d80000,0x00000000e8800000)
 ParOldGen       total 113664K, used 11199K [0x00000000a0000000, 0x00000000a6f00000, 0x00000000e0000000)
  object space 113664K, 9% used [0x00000000a0000000,0x00000000a0aefcf8,0x00000000a6f00000)
 Metaspace       used 33698K, capacity 34352K, committed 34560K, reserved 1079296K
  class space    used 4634K, capacity 4839K, committed 4864K, reserved 1048576K
Event: 2.404 GC heap after
Heap after GC invocations=6 (full 1):
 PSYoungGen      total 139264K, used 10745K [0x00000000e0000000, 0x00000000ea680000, 0x0000000100000000)
  eden space 128512K, 0% used [0x00000000e0000000,0x00000000e0000000,0x00000000e7d80000)
  from space 10752K, 99% used [0x00000000e7d80000,0x00000000e87fe748,0x00000000e8800000)
  to   space 14336K, 0% used [0x00000000e9880000,0x00000000e9880000,0x00000000ea680000)
 ParOldGen       total 113664K, used 12103K [0x00000000a0000000, 0x00000000a6f00000, 0x00000000e0000000)
  object space 113664K, 10% used [0x00000000a0000000,0x00000000a0bd1eb8,0x00000000a6f00000)
 Metaspace       used 33698K, capacity 34352K, committed 34560K, reserved 1079296K
  class space    used 4634K, capacity 4839K, committed 4864K, reserved 1048576K
}
Event: 2.575 GC heap before
{Heap before GC invocations=7 (full 1):
 PSYoungGen      total 139264K, used 39785K [0x00000000e0000000, 0x00000000ea680000, 0x0000000100000000)
  eden space 128512K, 22% used [0x00000000e0000000,0x00000000e1c5bd78,0x00000000e7d80000)
  from space 10752K, 99% used [0x00000000e7d80000,0x00000000e87fe748,0x00000000e8800000)
  to   space 14336K, 0% used [0x00000000e9880000,0x00000000e9880000,0x00000000ea680000)
 ParOldGen       total 113664K, used 12103K [0x00000000a0000000, 0x00000000a6f00000, 0x00000000e0000000)
  object space 113664K, 10% used [0x00000000a0000000,0x00000000a0bd1eb8,0x00000000a6f00000)
 Metaspace       used 34614K, capacity 35438K, committed 35496K, reserved 1079296K
  class space    used 4768K, capacity 4967K, committed 4992K, reserved 1048576K
Event: 2.583 GC heap after
Heap after GC invocations=7 (full 1):
 PSYoungGen      total 142848K, used 8963K [0x00000000e0000000, 0x00000000ea680000, 0x0000000100000000)
  eden space 128512K, 0% used [0x00000000e0000000,0x00000000e0000000,0x00000000e7d80000)
  from space 14336K, 62% used [0x00000000e9880000,0x00000000ea140f88,0x00000000ea680000)
  to   space 10752K, 0% used [0x00000000e7d80000,0x00000000e7d80000,0x00000000e8800000)
 ParOldGen       total 113664K, used 12111K [0x00000000a0000000, 0x00000000a6f00000, 0x00000000e0000000)
  object space 113664K, 10% used [0x00000000a0000000,0x00000000a0bd3eb8,0x00000000a6f00000)
 Metaspace       used 34614K, capacity 35438K, committed 35496K, reserved 1079296K
  class space    used 4768K, capacity 4967K, committed 4992K, reserved 1048576K
}
Event: 2.583 GC heap before
{Heap before GC invocations=8 (full 2):
 PSYoungGen      total 142848K, used 8963K [0x00000000e0000000, 0x00000000ea680000, 0x0000000100000000)
  eden space 128512K, 0% used [0x00000000e0000000,0x00000000e0000000,0x00000000e7d80000)
  from space 14336K, 62% used [0x00000000e9880000,0x00000000ea140f88,0x00000000ea680000)
  to   space 10752K, 0% used [0x00000000e7d80000,0x00000000e7d80000,0x00000000e8800000)
 ParOldGen       total 113664K, used 12111K [0x00000000a0000000, 0x00000000a6f00000, 0x00000000e0000000)
  object space 113664K, 10% used [0x00000000a0000000,0x00000000a0bd3eb8,0x00000000a6f00000)
 Metaspace       used 34614K, capacity 35438K, committed 35496K, reserved 1079296K
  class space    used 4768K, capacity 4967K, committed 4992K, reserved 1048576K
Event: 2.617 GC heap after
Heap after GC invocations=8 (full 2):
 PSYoungGen      total 142848K, used 0K [0x00000000e0000000, 0x00000000ea680000, 0x0000000100000000)
  eden space 128512K, 0% used [0x00000000e0000000,0x00000000e0000000,0x00000000e7d80000)
  from space 14336K, 0% used [0x00000000e9880000,0x00000000e9880000,0x00000000ea680000)
  to   space 10752K, 0% used [0x00000000e7d80000,0x00000000e7d80000,0x00000000e8800000)
 ParOldGen       total 113664K, used 16711K [0x00000000a0000000, 0x00000000a6f00000, 0x00000000e0000000)
  object space 113664K, 14% used [0x00000000a0000000,0x00000000a1051f18,0x00000000a6f00000)
 Metaspace       used 34595K, capacity 35372K, committed 35496K, reserved 1079296K
  class space    used 4762K, capacity 4956K, committed 4992K, reserved 1048576K
}

