# JRE version: OpenJDK Runtime Environment (8.0_202-b03) (build 1.8.0_202-release-1483-b03)
# Java VM: OpenJDK 64-Bit Server VM (25.202-b03 mixed mode windows-amd64 compressed oops)
Heap:
 PSYoungGen      total 139264K, used 27409K [0x00000000e0000000, 0x00000000eac00000, 0x0000000100000000)
  eden space 128512K, 12% used [0x00000000e0000000,0x00000000e1046df8,0x00000000e7d80000)
  from space 10752K, 99% used [0x00000000e7d80000,0x00000000e87fd7d8,0x00000000e8800000)
  to   space 14336K, 0% used [0x00000000e9e00000,0x00000000e9e00000,0x00000000eac00000)
 ParOldGen       total 112128K, used 22354K [0x00000000a0000000, 0x00000000a6d80000, 0x00000000e0000000)
  object space 112128K, 19% used [0x00000000a0000000,0x00000000a15d4a88,0x00000000a6d80000)
 Metaspace       used 48187K, capacity 49402K, committed 49536K, reserved 1091584K
  class space    used 6469K, capacity 6754K, committed 6784K, reserved 1048576K
GC Heap History (10 events):
Event: 2.072 GC heap before
{Heap before GC invocations=5 (full 1):
 PSYoungGen      total 76288K, used 65536K [0x00000000e0000000, 0x00000000e9500000, 0x0000000100000000)
  eden space 65536K, 100% used [0x00000000e0000000,0x00000000e4000000,0x00000000e4000000)
  from space 10752K, 0% used [0x00000000e4000000,0x00000000e4000000,0x00000000e4a80000)
  to   space 10752K, 0% used [0x00000000e8a80000,0x00000000e8a80000,0x00000000e9500000)
 ParOldGen       total 112128K, used 11173K [0x00000000a0000000, 0x00000000a6d80000, 0x00000000e0000000)
  object space 112128K, 9% used [0x00000000a0000000,0x00000000a0ae95e0,0x00000000a6d80000)
 Metaspace       used 28823K, capacity 29274K, committed 29440K, reserved 1075200K
  class space    used 3895K, capacity 4068K, committed 4096K, reserved 1048576K
Event: 2.078 GC heap after
Heap after GC invocations=5 (full 1):
 PSYoungGen      total 105984K, used 7850K [0x00000000e0000000, 0x00000000e9280000, 0x0000000100000000)
  eden space 97792K, 0% used [0x00000000e0000000,0x00000000e0000000,0x00000000e5f80000)
  from space 8192K, 95% used [0x00000000e8a80000,0x00000000e922a9b0,0x00000000e9280000)
  to   space 10752K, 0% used [0x00000000e7d80000,0x00000000e7d80000,0x00000000e8800000)
 ParOldGen       total 112128K, used 11181K [0x00000000a0000000, 0x00000000a6d80000, 0x00000000e0000000)
  object space 112128K, 9% used [0x00000000a0000000,0x00000000a0aeb5e0,0x00000000a6d80000)
 Metaspace       used 28823K, capacity 29274K, committed 29440K, reserved 1075200K
  class space    used 3895K, capacity 4068K, committed 4096K, reserved 1048576K
}
Event: 2.543 GC heap before
{Heap before GC invocations=6 (full 1):
 PSYoungGen      total 105984K, used 105642K [0x00000000e0000000, 0x00000000e9280000, 0x0000000100000000)
  eden space 97792K, 100% used [0x00000000e0000000,0x00000000e5f80000,0x00000000e5f80000)
  from space 8192K, 95% used [0x00000000e8a80000,0x00000000e922a9b0,0x00000000e9280000)
  to   space 10752K, 0% used [0x00000000e7d80000,0x00000000e7d80000,0x00000000e8800000)
 ParOldGen       total 112128K, used 11181K [0x00000000a0000000, 0x00000000a6d80000, 0x00000000e0000000)
  object space 112128K, 9% used [0x00000000a0000000,0x00000000a0aeb5e0,0x00000000a6d80000)
 Metaspace       used 33769K, capacity 34436K, committed 34560K, reserved 1079296K
  class space    used 4652K, capacity 4841K, committed 4864K, reserved 1048576K
Event: 2.551 GC heap after
Heap after GC invocations=6 (full 1):
 PSYoungGen      total 139264K, used 10744K [0x00000000e0000000, 0x00000000eac00000, 0x0000000100000000)
  eden space 128512K, 0% used [0x00000000e0000000,0x00000000e0000000,0x00000000e7d80000)
  from space 10752K, 99% used [0x00000000e7d80000,0x00000000e87fe088,0x00000000e8800000)
  to   space 14336K, 0% used [0x00000000e9e00000,0x00000000e9e00000,0x00000000eac00000)
 ParOldGen       total 112128K, used 12167K [0x00000000a0000000, 0x00000000a6d80000, 0x00000000e0000000)
  object space 112128K, 10% used [0x00000000a0000000,0x00000000a0be1cb0,0x00000000a6d80000)
 Metaspace       used 33769K, capacity 34436K, committed 34560K, reserved 1079296K
  class space    used 4652K, capacity 4841K, committed 4864K, reserved 1048576K
}
Event: 2.704 GC heap before
{Heap before GC invocations=7 (full 1):
 PSYoungGen      total 139264K, used 37253K [0x00000000e0000000, 0x00000000eac00000, 0x0000000100000000)
  eden space 128512K, 20% used [0x00000000e0000000,0x00000000e19e3760,0x00000000e7d80000)
  from space 10752K, 99% used [0x00000000e7d80000,0x00000000e87fe088,0x00000000e8800000)
  to   space 14336K, 0% used [0x00000000e9e00000,0x00000000e9e00000,0x00000000eac00000)
 ParOldGen       total 112128K, used 12167K [0x00000000a0000000, 0x00000000a6d80000, 0x00000000e0000000)
  object space 112128K, 10% used [0x00000000a0000000,0x00000000a0be1cb0,0x00000000a6d80000)
 Metaspace       used 34607K, capacity 35378K, committed 35456K, reserved 1079296K
  class space    used 4777K, capacity 4967K, committed 4992K, reserved 1048576K
Event: 2.708 GC heap after
Heap after GC invocations=7 (full 1):
 PSYoungGen      total 142848K, used 8947K [0x00000000e0000000, 0x00000000eac00000, 0x0000000100000000)
  eden space 128512K, 0% used [0x00000000e0000000,0x00000000e0000000,0x00000000e7d80000)
  from space 14336K, 62% used [0x00000000e9e00000,0x00000000ea6bcf78,0x00000000eac00000)
  to   space 10752K, 0% used [0x00000000e7d80000,0x00000000e7d80000,0x00000000e8800000)
 ParOldGen       total 112128K, used 12175K [0x00000000a0000000, 0x00000000a6d80000, 0x00000000e0000000)
  object space 112128K, 10% used [0x00000000a0000000,0x00000000a0be3cb0,0x00000000a6d80000)
 Metaspace       used 34607K, capacity 35378K, committed 35456K, reserved 1079296K
  class space    used 4777K, capacity 4967K, committed 4992K, reserved 1048576K
}
Event: 2.708 GC heap before
{Heap before GC invocations=8 (full 2):
 PSYoungGen      total 142848K, used 8947K [0x00000000e0000000, 0x00000000eac00000, 0x0000000100000000)
  eden space 128512K, 0% used [0x00000000e0000000,0x00000000e0000000,0x00000000e7d80000)
  from space 14336K, 62% used [0x00000000e9e00000,0x00000000ea6bcf78,0x00000000eac00000)
  to   space 10752K, 0% used [0x00000000e7d80000,0x00000000e7d80000,0x00000000e8800000)
 ParOldGen       total 112128K, used 12175K [0x00000000a0000000, 0x00000000a6d80000, 0x00000000e0000000)
  object space 112128K, 10% used [0x00000000a0000000,0x00000000a0be3cb0,0x00000000a6d80000)
 Metaspace       used 34607K, capacity 35378K, committed 35456K, reserved 1079296K
  class space    used 4777K, capacity 4967K, committed 4992K, reserved 1048576K
Event: 2.738 GC heap after
Heap after GC invocations=8 (full 2):
 PSYoungGen      total 142848K, used 0K [0x00000000e0000000, 0x00000000eac00000, 0x0000000100000000)
  eden space 128512K, 0% used [0x00000000e0000000,0x00000000e0000000,0x00000000e7d80000)
  from space 14336K, 0% used [0x00000000e9e00000,0x00000000e9e00000,0x00000000eac00000)
  to   space 10752K, 0% used [0x00000000e7d80000,0x00000000e7d80000,0x00000000e8800000)
 ParOldGen       total 112128K, used 16647K [0x00000000a0000000, 0x00000000a6d80000, 0x00000000e0000000)
  object space 112128K, 14% used [0x00000000a0000000,0x00000000a1041ef0,0x00000000a6d80000)
 Metaspace       used 34588K, capacity 35312K, committed 35456K, reserved 1079296K
  class space    used 4771K, capacity 4956K, committed 4992K, reserved 1048576K
}
Event: 3.515 GC heap before
{Heap before GC invocations=9 (full 2):
 PSYoungGen      total 142848K, used 128512K [0x00000000e0000000, 0x00000000eac00000, 0x0000000100000000)
  eden space 128512K, 100% used [0x00000000e0000000,0x00000000e7d80000,0x00000000e7d80000)
  from space 14336K, 0% used [0x00000000e9e00000,0x00000000e9e00000,0x00000000eac00000)
  to   space 10752K, 0% used [0x00000000e7d80000,0x00000000e7d80000,0x00000000e8800000)
 ParOldGen       total 112128K, used 16647K [0x00000000a0000000, 0x00000000a6d80000, 0x00000000e0000000)
  object space 112128K, 14% used [0x00000000a0000000,0x00000000a1041ef0,0x00000000a6d80000)
 Metaspace       used 46308K, capacity 47420K, committed 47744K, reserved 1091584K
  class space    used 6218K, capacity 6515K, committed 6528K, reserved 1048576K
Event: 3.522 GC heap after
Heap after GC invocations=9 (full 2):
 PSYoungGen      total 139264K, used 10741K [0x00000000e0000000, 0x00000000eac00000, 0x0000000100000000)
  eden space 128512K, 0% used [0x00000000e0000000,0x00000000e0000000,0x00000000e7d80000)
  from space 10752K, 99% used [0x00000000e7d80000,0x00000000e87fd7d8,0x00000000e8800000)
  to   space 14336K, 0% used [0x00000000e9e00000,0x00000000e9e00000,0x00000000eac00000)
 ParOldGen       total 112128K, used 22354K [0x00000000a0000000, 0x00000000a6d80000, 0x00000000e0000000)
  object space 112128K, 19% used [0x00000000a0000000,0x00000000a15d4a88,0x00000000a6d80000)
 Metaspace       used 46308K, capacity 47420K, committed 47744K, reserved 1091584K
  class space    used 6218K, capacity 6515K, committed 6528K, reserved 1048576K
}

